[27-06-2021 09:49:11] LOG:{'Request': {'message': 'access page'}, 'status': 200}
[27-06-2021 09:49:34] LOG:{'Request': {'message': 'send destinatnion', 'destination': 'jakarta'}, 'status': 200}
[27-06-2021 09:49:34] LOG:{'Response': {'message': 'distance not found', 'status': 2}, 'status': 404}
[27-06-2021 09:49:37] LOG:{'Request': {'message': 'send destinatnion', 'destination': 'mkad'}, 'status': 200}
[27-06-2021 09:49:38] LOG:{'Response': {'message': "the destination inside in origin's area", 'status': 3}, 'status': 200}
[27-06-2021 09:49:39] LOG:{'Request': {'message': 'send destinatnion', 'destination': 'moscow'}, 'status': 200}
[27-06-2021 09:49:39] LOG:{'Response': {'data': {'distance': 19412, 'duration': 1504}, 'message': 'success', 'status': 1}, 'status': 200}
[27-06-2021 11:15:16] LOG:{'Request': {'message': 'send destinatnion', 'destination': 'moscow'}, 'status': 200}
[27-06-2021 11:15:17] LOG:{'Response': {'data': {'distance': 19412, 'duration': 1504}, 'message': 'success', 'status': 1}, 'status': 200}
[27-06-2021 11:15:19] LOG:{'Request': {'message': 'send destinatnion', 'destination': 'mkad'}, 'status': 200}
[27-06-2021 11:15:20] LOG:{'Response': {'message': "the destination inside in origin's area", 'status': 3}, 'status': 200}
[27-06-2021 11:18:06] LOG:{'Request': {'message': 'access page'}, 'status': 200}
[27-06-2021 11:18:06] LOG:{'Request': {'message': 'send destinatnion', 'destination': 'moscow'}, 'status': 200}
[27-06-2021 11:18:06] LOG:{'Request': {'message': 'access page'}, 'status': 200}
[27-06-2021 11:18:06] LOG:{'Request': {'message': 'send destinatnion', 'destination': 'moscow'}, 'status': 200}
[27-06-2021 11:18:07] LOG:{'Response': {'data': {'distance': 19412, 'duration': 1504}, 'message': 'success', 'status': 1}, 'status': 200}
[27-06-2021 11:18:07] LOG:{'Request': {'message': 'send destinatnion', 'destination': '129w92'}, 'status': 200}
[27-06-2021 11:18:08] LOG:{'Response': {'message': 'location not found', 'status': 0}, 'status': 404}
[27-06-2021 11:18:08] LOG:{'Request': {'message': 'send destinatnion', 'destination': 'jakarta'}, 'status': 200}
[27-06-2021 11:18:08] LOG:{'Response': {'message': 'distance not found', 'status': 2}, 'status': 404}
[27-06-2021 11:18:52] LOG:{'Request': {'message': 'access page'}, 'status': 200}
[27-06-2021 11:18:52] LOG:{'Request': {'message': 'send destinatnion', 'destination': 'moscow'}, 'status': 200}
[27-06-2021 11:18:53] LOG:{'Response': {'data': {'distance': 19412, 'duration': 1504}, 'message': 'success', 'status': 1}, 'status': 200}
[27-06-2021 11:18:53] LOG:{'Request': {'message': 'send destinatnion', 'destination': '129w92'}, 'status': 200}
[27-06-2021 11:18:53] LOG:{'Response': {'message': 'location not found', 'status': 0}, 'status': 404}
[27-06-2021 11:18:53] LOG:{'Request': {'message': 'send destinatnion', 'destination': 'jakarta'}, 'status': 200}
[27-06-2021 11:18:53] LOG:{'Response': {'message': 'distance not found', 'status': 2}, 'status': 404}
[27-06-2021 11:19:41] LOG:{'Request': {'message': 'access page'}, 'status': 200}
[27-06-2021 11:19:41] LOG:{'Request': {'message': 'send destinatnion', 'destination': 'moscow'}, 'status': 200}
[27-06-2021 11:19:41] LOG:{'Request': {'message': 'access page'}, 'status': 200}
[27-06-2021 11:19:41] LOG:{'Request': {'message': 'send destinatnion', 'destination': 'moscow'}, 'status': 200}
[27-06-2021 11:19:42] LOG:{'Response': {'data': {'distance': 19412, 'duration': 1504}, 'message': 'success', 'status': 1}, 'status': 200}
[27-06-2021 11:19:42] LOG:{'Request': {'message': 'send destinatnion', 'destination': '129w92'}, 'status': 200}
[27-06-2021 11:19:42] LOG:{'Response': {'message': 'location not found', 'status': 0}, 'status': 404}
[27-06-2021 11:19:42] LOG:{'Request': {'message': 'send destinatnion', 'destination': 'jakarta'}, 'status': 200}
[27-06-2021 11:19:42] LOG:{'Response': {'message': 'distance not found', 'status': 2}, 'status': 404}
[27-06-2021 11:19:42] LOG:{'Request': {'message': 'send destinatnion', 'destination': 'mkad'}, 'status': 200}
[27-06-2021 11:19:43] LOG:{'Response': {'message': "the destination inside in origin's area", 'status': 3}, 'status': 200}
[27-06-2021 19:38:33] LOG:{'Request': {'message': 'access page'}, 'status': 200}
[27-06-2021 19:38:33] LOG:{'Request': {'message': 'send destinatnion', 'destination': 'moscow'}, 'status': 200}
[27-06-2021 19:38:33] LOG:{'Request': {'message': 'access page'}, 'status': 200}
[27-06-2021 19:38:33] LOG:{'Request': {'message': 'send destinatnion', 'destination': 'moscow'}, 'status': 200}
[27-06-2021 19:38:34] LOG:{'Response': {'data': {'distance': 19412, 'duration': 1504}, 'message': 'success', 'status': 1}, 'status': 200}
[27-06-2021 19:38:34] LOG:{'Request': {'message': 'send destinatnion', 'destination': '129w92'}, 'status': 200}
[27-06-2021 19:38:35] LOG:{'Response': {'message': 'location not found', 'status': 0}, 'status': 404}
[27-06-2021 19:38:35] LOG:{'Request': {'message': 'send destinatnion', 'destination': 'jakarta'}, 'status': 200}
[27-06-2021 19:38:36] LOG:{'Response': {'message': 'distance not found', 'status': 2}, 'status': 404}
[27-06-2021 19:38:36] LOG:{'Request': {'message': 'send destinatnion', 'destination': 'mkad'}, 'status': 200}
[27-06-2021 19:38:37] LOG:{'Response': {'message': "the destination inside in origin's area", 'status': 3}, 'status': 200}
[27-06-2021 23:22:15] LOG:{'Request': {'message': 'access page'}, 'status': 200}
[27-06-2021 23:22:15] LOG:{'Request': {'message': 'send destinatnion', 'destination': 'moscow'}, 'status': 200}
[27-06-2021 23:22:16] LOG:{'Response': {'data': {'distance': 19412, 'duration': 1504}, 'message': 'success', 'status': 1}, 'status': 200}
[27-06-2021 23:22:16] LOG:{'Request': {'message': 'send destinatnion', 'destination': '129w92'}, 'status': 200}
[27-06-2021 23:22:17] LOG:{'Response': {'message': 'location not found', 'status': 0}, 'status': 404}
[27-06-2021 23:22:17] LOG:{'Request': {'message': 'send destinatnion', 'destination': 'jakarta'}, 'status': 200}
[27-06-2021 23:22:18] LOG:{'Response': {'message': 'distance not found', 'status': 2}, 'status': 404}
[27-06-2021 23:22:18] LOG:{'Request': {'message': 'send destinatnion', 'destination': 'mkad'}, 'status': 200}
[27-06-2021 23:22:19] LOG:{'Response': {'message': "the destination inside in origin's area", 'status': 3}, 'status': 200}
